/home/elisaflemer/ponderada_2/install/spiral/lib/python3.10/site-packages/spiral/max_diffs.py
/home/elisaflemer/ponderada_2/install/spiral/lib/python3.10/site-packages/spiral/Pose.py
/home/elisaflemer/ponderada_2/install/spiral/lib/python3.10/site-packages/spiral/BotController.py
/home/elisaflemer/ponderada_2/install/spiral/lib/python3.10/site-packages/spiral/MissionControl.py
/home/elisaflemer/ponderada_2/install/spiral/lib/python3.10/site-packages/spiral/Rotation.py
/home/elisaflemer/ponderada_2/install/spiral/lib/python3.10/site-packages/spiral/__init__.py
/home/elisaflemer/ponderada_2/install/spiral/lib/python3.10/site-packages/spiral/draw_spiral.py
/home/elisaflemer/ponderada_2/install/spiral/lib/python3.10/site-packages/spiral/__pycache__/max_diffs.cpython-310.pyc
/home/elisaflemer/ponderada_2/install/spiral/lib/python3.10/site-packages/spiral/__pycache__/Pose.cpython-310.pyc
/home/elisaflemer/ponderada_2/install/spiral/lib/python3.10/site-packages/spiral/__pycache__/BotController.cpython-310.pyc
/home/elisaflemer/ponderada_2/install/spiral/lib/python3.10/site-packages/spiral/__pycache__/MissionControl.cpython-310.pyc
/home/elisaflemer/ponderada_2/install/spiral/lib/python3.10/site-packages/spiral/__pycache__/Rotation.cpython-310.pyc
/home/elisaflemer/ponderada_2/install/spiral/lib/python3.10/site-packages/spiral/__pycache__/__init__.cpython-310.pyc
/home/elisaflemer/ponderada_2/install/spiral/lib/python3.10/site-packages/spiral/__pycache__/draw_spiral.cpython-310.pyc
/home/elisaflemer/ponderada_2/install/spiral/share/ament_index/resource_index/packages/spiral
/home/elisaflemer/ponderada_2/install/spiral/share/spiral/package.xml
/home/elisaflemer/ponderada_2/install/spiral/lib/python3.10/site-packages/spiral-0.0.0-py3.10.egg-info/top_level.txt
/home/elisaflemer/ponderada_2/install/spiral/lib/python3.10/site-packages/spiral-0.0.0-py3.10.egg-info/dependency_links.txt
/home/elisaflemer/ponderada_2/install/spiral/lib/python3.10/site-packages/spiral-0.0.0-py3.10.egg-info/entry_points.txt
/home/elisaflemer/ponderada_2/install/spiral/lib/python3.10/site-packages/spiral-0.0.0-py3.10.egg-info/SOURCES.txt
/home/elisaflemer/ponderada_2/install/spiral/lib/python3.10/site-packages/spiral-0.0.0-py3.10.egg-info/requires.txt
/home/elisaflemer/ponderada_2/install/spiral/lib/python3.10/site-packages/spiral-0.0.0-py3.10.egg-info/PKG-INFO
/home/elisaflemer/ponderada_2/install/spiral/lib/python3.10/site-packages/spiral-0.0.0-py3.10.egg-info/zip-safe
/home/elisaflemer/ponderada_2/install/spiral/lib/spiral/draw_spiral
