[1.814s] Invoking command in '/home/elisaflemer/ponderada_2/src/spiral': PYTHONPATH=/home/elisaflemer/ponderada_2/build/spiral/prefix_override:/home/elisaflemer/ponderada_2/install/spiral/lib/python3.10/site-packages:${PYTHONPATH} /usr/bin/python3 setup.py egg_info --egg-base ../../build/spiral build --build-base /home/elisaflemer/ponderada_2/build/spiral/build install --record /home/elisaflemer/ponderada_2/build/spiral/install.log --single-version-externally-managed
[2.533s] running egg_info
[2.536s] writing ../../build/spiral/spiral.egg-info/PKG-INFO
[2.539s] writing dependency_links to ../../build/spiral/spiral.egg-info/dependency_links.txt
[2.539s] writing entry points to ../../build/spiral/spiral.egg-info/entry_points.txt
[2.539s] writing requirements to ../../build/spiral/spiral.egg-info/requires.txt
[2.539s] writing top-level names to ../../build/spiral/spiral.egg-info/top_level.txt
[2.547s] reading manifest file '../../build/spiral/spiral.egg-info/SOURCES.txt'
[2.547s] writing manifest file '../../build/spiral/spiral.egg-info/SOURCES.txt'
[2.547s] running build
[2.547s] running build_py
[2.547s] copying spiral/draw_spiral.py -> /home/elisaflemer/ponderada_2/build/spiral/build/lib/spiral
[2.554s] running install
[2.557s] running install_lib
[2.557s] copying /home/elisaflemer/ponderada_2/build/spiral/build/lib/spiral/draw_spiral.py -> /home/elisaflemer/ponderada_2/install/spiral/lib/python3.10/site-packages/spiral
[2.562s] byte-compiling /home/elisaflemer/ponderada_2/install/spiral/lib/python3.10/site-packages/spiral/draw_spiral.py to draw_spiral.cpython-310.pyc
[2.564s] running install_data
[2.566s] running install_egg_info
[2.567s] removing '/home/elisaflemer/ponderada_2/install/spiral/lib/python3.10/site-packages/spiral-0.0.0-py3.10.egg-info' (and everything under it)
[2.567s] Copying ../../build/spiral/spiral.egg-info to /home/elisaflemer/ponderada_2/install/spiral/lib/python3.10/site-packages/spiral-0.0.0-py3.10.egg-info
[2.570s] running install_scripts
[2.660s] Installing draw_spiral script to /home/elisaflemer/ponderada_2/install/spiral/lib/spiral
[2.660s] writing list of installed files to '/home/elisaflemer/ponderada_2/build/spiral/install.log'
[2.777s] Invoked command in '/home/elisaflemer/ponderada_2/src/spiral' returned '0': PYTHONPATH=/home/elisaflemer/ponderada_2/build/spiral/prefix_override:/home/elisaflemer/ponderada_2/install/spiral/lib/python3.10/site-packages:${PYTHONPATH} /usr/bin/python3 setup.py egg_info --egg-base ../../build/spiral build --build-base /home/elisaflemer/ponderada_2/build/spiral/build install --record /home/elisaflemer/ponderada_2/build/spiral/install.log --single-version-externally-managed
