[1.838s] Invoking command in '/home/elisaflemer/package/src/spiral': PYTHONPATH=/home/elisaflemer/package/build/spiral/prefix_override:/home/elisaflemer/package/install/spiral/lib/python3.10/site-packages:${PYTHONPATH} /usr/bin/python3 setup.py egg_info --egg-base ../../build/spiral build --build-base /home/elisaflemer/package/build/spiral/build install --record /home/elisaflemer/package/build/spiral/install.log --single-version-externally-managed
[2.591s] running egg_info
[2.593s] writing ../../build/spiral/spiral.egg-info/PKG-INFO
[2.595s] writing dependency_links to ../../build/spiral/spiral.egg-info/dependency_links.txt
[2.595s] writing entry points to ../../build/spiral/spiral.egg-info/entry_points.txt
[2.595s] writing requirements to ../../build/spiral/spiral.egg-info/requires.txt
[2.596s] writing top-level names to ../../build/spiral/spiral.egg-info/top_level.txt
[2.598s] reading manifest file '../../build/spiral/spiral.egg-info/SOURCES.txt'
[2.599s] writing manifest file '../../build/spiral/spiral.egg-info/SOURCES.txt'
[2.599s] running build
[2.599s] running build_py
[2.600s] running install
[2.601s] running install_lib
[2.603s] running install_data
[2.604s] running install_egg_info
[2.607s] removing '/home/elisaflemer/package/install/spiral/lib/python3.10/site-packages/spiral-0.0.0-py3.10.egg-info' (and everything under it)
[2.608s] Copying ../../build/spiral/spiral.egg-info to /home/elisaflemer/package/install/spiral/lib/python3.10/site-packages/spiral-0.0.0-py3.10.egg-info
[2.609s] running install_scripts
[2.664s] Installing draw_spiral script to /home/elisaflemer/package/install/spiral/lib/spiral
[2.665s] writing list of installed files to '/home/elisaflemer/package/build/spiral/install.log'
[2.751s] Invoked command in '/home/elisaflemer/package/src/spiral' returned '0': PYTHONPATH=/home/elisaflemer/package/build/spiral/prefix_override:/home/elisaflemer/package/install/spiral/lib/python3.10/site-packages:${PYTHONPATH} /usr/bin/python3 setup.py egg_info --egg-base ../../build/spiral build --build-base /home/elisaflemer/package/build/spiral/build install --record /home/elisaflemer/package/build/spiral/install.log --single-version-externally-managed
