running egg_info
writing ../../build/spiral/spiral.egg-info/PKG-INFO
writing dependency_links to ../../build/spiral/spiral.egg-info/dependency_links.txt
writing entry points to ../../build/spiral/spiral.egg-info/entry_points.txt
writing requirements to ../../build/spiral/spiral.egg-info/requires.txt
writing top-level names to ../../build/spiral/spiral.egg-info/top_level.txt
reading manifest file '../../build/spiral/spiral.egg-info/SOURCES.txt'
writing manifest file '../../build/spiral/spiral.egg-info/SOURCES.txt'
running build
running build_py
copying spiral/MissionControl.py -> /home/elisaflemer/ponderada_2/build/spiral/build/lib/spiral
copying spiral/draw_spiral.py -> /home/elisaflemer/ponderada_2/build/spiral/build/lib/spiral
running install
running install_lib
copying /home/elisaflemer/ponderada_2/build/spiral/build/lib/spiral/MissionControl.py -> /home/elisaflemer/ponderada_2/install/spiral/lib/python3.10/site-packages/spiral
copying /home/elisaflemer/ponderada_2/build/spiral/build/lib/spiral/draw_spiral.py -> /home/elisaflemer/ponderada_2/install/spiral/lib/python3.10/site-packages/spiral
byte-compiling /home/elisaflemer/ponderada_2/install/spiral/lib/python3.10/site-packages/spiral/MissionControl.py to MissionControl.cpython-310.pyc
byte-compiling /home/elisaflemer/ponderada_2/install/spiral/lib/python3.10/site-packages/spiral/draw_spiral.py to draw_spiral.cpython-310.pyc
running install_data
running install_egg_info
removing '/home/elisaflemer/ponderada_2/install/spiral/lib/python3.10/site-packages/spiral-0.0.0-py3.10.egg-info' (and everything under it)
Copying ../../build/spiral/spiral.egg-info to /home/elisaflemer/ponderada_2/install/spiral/lib/python3.10/site-packages/spiral-0.0.0-py3.10.egg-info
running install_scripts
Installing draw_spiral script to /home/elisaflemer/ponderada_2/install/spiral/lib/spiral
writing list of installed files to '/home/elisaflemer/ponderada_2/build/spiral/install.log'
