[3.429s] Invoking command in '/home/elisaflemer/ponderada_2/src/spiral': PYTHONPATH=/home/elisaflemer/ponderada_2/build/spiral/prefix_override:/home/elisaflemer/ponderada_2/install/spiral/lib/python3.10/site-packages:${PYTHONPATH} /usr/bin/python3 setup.py egg_info --egg-base ../../build/spiral build --build-base /home/elisaflemer/ponderada_2/build/spiral/build install --record /home/elisaflemer/ponderada_2/build/spiral/install.log --single-version-externally-managed
[4.744s] running egg_info
[4.756s] writing ../../build/spiral/spiral.egg-info/PKG-INFO
[4.757s] writing dependency_links to ../../build/spiral/spiral.egg-info/dependency_links.txt
[4.757s] writing entry points to ../../build/spiral/spiral.egg-info/entry_points.txt
[4.757s] writing requirements to ../../build/spiral/spiral.egg-info/requires.txt
[4.757s] writing top-level names to ../../build/spiral/spiral.egg-info/top_level.txt
[4.780s] reading manifest file '../../build/spiral/spiral.egg-info/SOURCES.txt'
[4.781s] writing manifest file '../../build/spiral/spiral.egg-info/SOURCES.txt'
[4.781s] running build
[4.781s] running build_py
[4.781s] copying spiral/MissionControl.py -> /home/elisaflemer/ponderada_2/build/spiral/build/lib/spiral
[4.782s] copying spiral/draw_spiral.py -> /home/elisaflemer/ponderada_2/build/spiral/build/lib/spiral
[4.782s] running install
[4.782s] running install_lib
[4.782s] copying /home/elisaflemer/ponderada_2/build/spiral/build/lib/spiral/MissionControl.py -> /home/elisaflemer/ponderada_2/install/spiral/lib/python3.10/site-packages/spiral
[4.782s] copying /home/elisaflemer/ponderada_2/build/spiral/build/lib/spiral/draw_spiral.py -> /home/elisaflemer/ponderada_2/install/spiral/lib/python3.10/site-packages/spiral
[4.790s] byte-compiling /home/elisaflemer/ponderada_2/install/spiral/lib/python3.10/site-packages/spiral/MissionControl.py to MissionControl.cpython-310.pyc
[4.820s] byte-compiling /home/elisaflemer/ponderada_2/install/spiral/lib/python3.10/site-packages/spiral/draw_spiral.py to draw_spiral.cpython-310.pyc
[4.820s] running install_data
[4.820s] running install_egg_info
[4.820s] removing '/home/elisaflemer/ponderada_2/install/spiral/lib/python3.10/site-packages/spiral-0.0.0-py3.10.egg-info' (and everything under it)
[4.820s] Copying ../../build/spiral/spiral.egg-info to /home/elisaflemer/ponderada_2/install/spiral/lib/python3.10/site-packages/spiral-0.0.0-py3.10.egg-info
[4.821s] running install_scripts
[4.919s] Installing draw_spiral script to /home/elisaflemer/ponderada_2/install/spiral/lib/spiral
[4.928s] writing list of installed files to '/home/elisaflemer/ponderada_2/build/spiral/install.log'
[5.106s] Invoked command in '/home/elisaflemer/ponderada_2/src/spiral' returned '0': PYTHONPATH=/home/elisaflemer/ponderada_2/build/spiral/prefix_override:/home/elisaflemer/ponderada_2/install/spiral/lib/python3.10/site-packages:${PYTHONPATH} /usr/bin/python3 setup.py egg_info --egg-base ../../build/spiral build --build-base /home/elisaflemer/ponderada_2/build/spiral/build install --record /home/elisaflemer/ponderada_2/build/spiral/install.log --single-version-externally-managed
