[1.588s] DEBUG:colcon:Command line arguments: ['/usr/bin/colcon', 'build', '--packages-select', 'spiral']
[1.589s] DEBUG:colcon:Parsed command line arguments: Namespace(log_base=None, log_level=None, verb_name='build', build_base='build', install_base='install', merge_install=False, symlink_install=False, test_result_base=None, continue_on_error=False, executor='parallel', parallel_workers=8, event_handlers=None, ignore_user_meta=False, metas=['./colcon.meta'], base_paths=['.'], packages_ignore=None, packages_ignore_regex=None, paths=None, packages_up_to=None, packages_up_to_regex=None, packages_above=None, packages_above_and_dependencies=None, packages_above_depth=None, packages_select_by_dep=None, packages_skip_by_dep=None, packages_skip_up_to=None, packages_select_build_failed=False, packages_skip_build_finished=False, packages_select_test_failures=False, packages_skip_test_passed=False, packages_select=['spiral'], packages_skip=None, packages_select_regex=None, packages_skip_regex=None, packages_start=None, packages_end=None, allow_overriding=[], cmake_args=None, cmake_target=None, cmake_target_skip_unavailable=False, cmake_clean_cache=False, cmake_clean_first=False, cmake_force_configure=False, ament_cmake_args=None, catkin_cmake_args=None, catkin_skip_building_tests=False, verb_parser=<colcon_defaults.argument_parser.defaults.DefaultArgumentsDecorator object at 0x7fcdca539de0>, verb_extension=<colcon_core.verb.build.BuildVerb object at 0x7fcdca539870>, main=<bound method BuildVerb.main of <colcon_core.verb.build.BuildVerb object at 0x7fcdca539870>>)
[1.679s] Level 1:colcon.colcon_core.package_discovery:discover_packages(colcon_meta) check parameters
[1.680s] Level 1:colcon.colcon_core.package_discovery:discover_packages(recursive) check parameters
[1.681s] Level 1:colcon.colcon_core.package_discovery:discover_packages(ignore) check parameters
[1.681s] Level 1:colcon.colcon_core.package_discovery:discover_packages(path) check parameters
[1.681s] Level 1:colcon.colcon_core.package_discovery:discover_packages(colcon_meta) discover
[1.681s] Level 1:colcon.colcon_core.package_discovery:discover_packages(recursive) discover
[1.682s] INFO:colcon.colcon_core.package_discovery:Crawling recursively for packages in '/home/elisaflemer/package'
[1.682s] Level 1:colcon.colcon_core.package_identification:_identify(.) by extensions ['ignore', 'ignore_ament_install']
[1.682s] Level 1:colcon.colcon_core.package_identification:_identify(.) by extension 'ignore'
[1.683s] Level 1:colcon.colcon_core.package_identification:_identify(.) by extension 'ignore_ament_install'
[1.683s] Level 1:colcon.colcon_core.package_identification:_identify(.) by extensions ['colcon_pkg']
[1.683s] Level 1:colcon.colcon_core.package_identification:_identify(.) by extension 'colcon_pkg'
[1.683s] Level 1:colcon.colcon_core.package_identification:_identify(.) by extensions ['colcon_meta']
[1.684s] Level 1:colcon.colcon_core.package_identification:_identify(.) by extension 'colcon_meta'
[1.684s] Level 1:colcon.colcon_core.package_identification:_identify(.) by extensions ['ros']
[1.684s] Level 1:colcon.colcon_core.package_identification:_identify(.) by extension 'ros'
[1.719s] Level 1:colcon.colcon_core.package_identification:_identify(.) by extensions ['cmake', 'python']
[1.721s] Level 1:colcon.colcon_core.package_identification:_identify(.) by extension 'cmake'
[1.722s] Level 1:colcon.colcon_core.package_identification:_identify(.) by extension 'python'
[1.723s] Level 1:colcon.colcon_core.package_identification:_identify(.) by extensions ['python_setup_py']
[1.723s] Level 1:colcon.colcon_core.package_identification:_identify(.) by extension 'python_setup_py'
[1.723s] Level 1:colcon.colcon_core.package_identification:_identify(build) by extensions ['ignore', 'ignore_ament_install']
[1.724s] Level 1:colcon.colcon_core.package_identification:_identify(build) by extension 'ignore'
[1.724s] Level 1:colcon.colcon_core.package_identification:_identify(build) ignored
[1.724s] Level 1:colcon.colcon_core.package_identification:_identify(install) by extensions ['ignore', 'ignore_ament_install']
[1.724s] Level 1:colcon.colcon_core.package_identification:_identify(install) by extension 'ignore'
[1.724s] Level 1:colcon.colcon_core.package_identification:_identify(install) ignored
[1.724s] Level 1:colcon.colcon_core.package_identification:_identify(log) by extensions ['ignore', 'ignore_ament_install']
[1.725s] Level 1:colcon.colcon_core.package_identification:_identify(log) by extension 'ignore'
[1.725s] Level 1:colcon.colcon_core.package_identification:_identify(log) ignored
[1.726s] Level 1:colcon.colcon_core.package_identification:_identify(src) by extensions ['ignore', 'ignore_ament_install']
[1.726s] Level 1:colcon.colcon_core.package_identification:_identify(src) by extension 'ignore'
[1.726s] Level 1:colcon.colcon_core.package_identification:_identify(src) by extension 'ignore_ament_install'
[1.726s] Level 1:colcon.colcon_core.package_identification:_identify(src) by extensions ['colcon_pkg']
[1.727s] Level 1:colcon.colcon_core.package_identification:_identify(src) by extension 'colcon_pkg'
[1.727s] Level 1:colcon.colcon_core.package_identification:_identify(src) by extensions ['colcon_meta']
[1.727s] Level 1:colcon.colcon_core.package_identification:_identify(src) by extension 'colcon_meta'
[1.727s] Level 1:colcon.colcon_core.package_identification:_identify(src) by extensions ['ros']
[1.727s] Level 1:colcon.colcon_core.package_identification:_identify(src) by extension 'ros'
[1.728s] Level 1:colcon.colcon_core.package_identification:_identify(src) by extensions ['cmake', 'python']
[1.728s] Level 1:colcon.colcon_core.package_identification:_identify(src) by extension 'cmake'
[1.728s] Level 1:colcon.colcon_core.package_identification:_identify(src) by extension 'python'
[1.728s] Level 1:colcon.colcon_core.package_identification:_identify(src) by extensions ['python_setup_py']
[1.728s] Level 1:colcon.colcon_core.package_identification:_identify(src) by extension 'python_setup_py'
[1.728s] Level 1:colcon.colcon_core.package_identification:_identify(src/build) by extensions ['ignore', 'ignore_ament_install']
[1.729s] Level 1:colcon.colcon_core.package_identification:_identify(src/build) by extension 'ignore'
[1.729s] Level 1:colcon.colcon_core.package_identification:_identify(src/build) ignored
[1.730s] Level 1:colcon.colcon_core.package_identification:_identify(src/install) by extensions ['ignore', 'ignore_ament_install']
[1.730s] Level 1:colcon.colcon_core.package_identification:_identify(src/install) by extension 'ignore'
[1.730s] Level 1:colcon.colcon_core.package_identification:_identify(src/install) ignored
[1.731s] Level 1:colcon.colcon_core.package_identification:_identify(src/log) by extensions ['ignore', 'ignore_ament_install']
[1.731s] Level 1:colcon.colcon_core.package_identification:_identify(src/log) by extension 'ignore'
[1.731s] Level 1:colcon.colcon_core.package_identification:_identify(src/log) ignored
[1.732s] Level 1:colcon.colcon_core.package_identification:_identify(src/spiral) by extensions ['ignore', 'ignore_ament_install']
[1.732s] Level 1:colcon.colcon_core.package_identification:_identify(src/spiral) by extension 'ignore'
[1.732s] Level 1:colcon.colcon_core.package_identification:_identify(src/spiral) by extension 'ignore_ament_install'
[1.732s] Level 1:colcon.colcon_core.package_identification:_identify(src/spiral) by extensions ['colcon_pkg']
[1.732s] Level 1:colcon.colcon_core.package_identification:_identify(src/spiral) by extension 'colcon_pkg'
[1.732s] Level 1:colcon.colcon_core.package_identification:_identify(src/spiral) by extensions ['colcon_meta']
[1.732s] Level 1:colcon.colcon_core.package_identification:_identify(src/spiral) by extension 'colcon_meta'
[1.732s] Level 1:colcon.colcon_core.package_identification:_identify(src/spiral) by extensions ['ros']
[1.732s] Level 1:colcon.colcon_core.package_identification:_identify(src/spiral) by extension 'ros'
[1.745s] DEBUG:colcon.colcon_core.package_identification:Package 'src/spiral' with type 'ros.ament_python' and name 'spiral'
[1.745s] Level 1:colcon.colcon_core.package_discovery:discover_packages(recursive) using defaults
[1.745s] Level 1:colcon.colcon_core.package_discovery:discover_packages(ignore) discover
[1.745s] Level 1:colcon.colcon_core.package_discovery:discover_packages(ignore) using defaults
[1.745s] Level 1:colcon.colcon_core.package_discovery:discover_packages(path) discover
[1.745s] Level 1:colcon.colcon_core.package_discovery:discover_packages(path) using defaults
[1.808s] Level 1:colcon.colcon_core.package_discovery:discover_packages(prefix_path) check parameters
[1.809s] Level 1:colcon.colcon_core.package_discovery:discover_packages(prefix_path) discover
[1.815s] DEBUG:colcon.colcon_installed_package_information.package_discovery:Found 1 installed packages in /home/elisaflemer/ponderada_2/install
[1.820s] DEBUG:colcon.colcon_installed_package_information.package_discovery:Found 384 installed packages in /opt/ros/humble
[1.825s] Level 1:colcon.colcon_core.package_discovery:discover_packages(prefix_path) using defaults
[2.020s] Level 5:colcon.colcon_core.verb:set package 'spiral' build argument 'cmake_args' from command line to 'None'
[2.020s] Level 5:colcon.colcon_core.verb:set package 'spiral' build argument 'cmake_target' from command line to 'None'
[2.020s] Level 5:colcon.colcon_core.verb:set package 'spiral' build argument 'cmake_target_skip_unavailable' from command line to 'False'
[2.020s] Level 5:colcon.colcon_core.verb:set package 'spiral' build argument 'cmake_clean_cache' from command line to 'False'
[2.020s] Level 5:colcon.colcon_core.verb:set package 'spiral' build argument 'cmake_clean_first' from command line to 'False'
[2.021s] Level 5:colcon.colcon_core.verb:set package 'spiral' build argument 'cmake_force_configure' from command line to 'False'
[2.021s] Level 5:colcon.colcon_core.verb:set package 'spiral' build argument 'ament_cmake_args' from command line to 'None'
[2.021s] Level 5:colcon.colcon_core.verb:set package 'spiral' build argument 'catkin_cmake_args' from command line to 'None'
[2.021s] Level 5:colcon.colcon_core.verb:set package 'spiral' build argument 'catkin_skip_building_tests' from command line to 'False'
[2.022s] DEBUG:colcon.colcon_core.verb:Building package 'spiral' with the following arguments: {'ament_cmake_args': None, 'build_base': '/home/elisaflemer/package/build/spiral', 'catkin_cmake_args': None, 'catkin_skip_building_tests': False, 'cmake_args': None, 'cmake_clean_cache': False, 'cmake_clean_first': False, 'cmake_force_configure': False, 'cmake_target': None, 'cmake_target_skip_unavailable': False, 'install_base': '/home/elisaflemer/package/install/spiral', 'merge_install': False, 'path': '/home/elisaflemer/package/src/spiral', 'symlink_install': False, 'test_result_base': None}
[2.023s] INFO:colcon.colcon_core.executor:Executing jobs using 'parallel' executor
[2.033s] DEBUG:colcon.colcon_parallel_executor.executor.parallel:run_until_complete
[2.033s] INFO:colcon.colcon_ros.task.ament_python.build:Building ROS package in '/home/elisaflemer/package/src/spiral' with build type 'ament_python'
[2.034s] Level 1:colcon.colcon_core.shell:create_environment_hook('spiral', 'ament_prefix_path')
[2.049s] INFO:colcon.colcon_core.plugin_system:Skipping extension 'colcon_core.shell.bat': Not used on non-Windows systems
[2.049s] INFO:colcon.colcon_core.shell:Creating environment hook '/home/elisaflemer/package/install/spiral/share/spiral/hook/ament_prefix_path.ps1'
[2.051s] INFO:colcon.colcon_core.shell:Creating environment descriptor '/home/elisaflemer/package/install/spiral/share/spiral/hook/ament_prefix_path.dsv'
[2.052s] INFO:colcon.colcon_core.shell:Creating environment hook '/home/elisaflemer/package/install/spiral/share/spiral/hook/ament_prefix_path.sh'
[2.066s] INFO:colcon.colcon_core.shell:Skip shell extension 'powershell' for command environment: Not usable outside of PowerShell
[2.066s] DEBUG:colcon.colcon_core.shell:Skip shell extension 'dsv' for command environment
[2.751s] INFO:colcon.colcon_core.task.python.build:Building Python package in '/home/elisaflemer/package/src/spiral'
[2.754s] INFO:colcon.colcon_core.shell:Skip shell extension 'powershell' for command environment: Not usable outside of PowerShell
[2.754s] DEBUG:colcon.colcon_core.shell:Skip shell extension 'dsv' for command environment
[3.885s] DEBUG:colcon.colcon_core.event_handler.log_command:Invoking command in '/home/elisaflemer/package/src/spiral': PYTHONPATH=/home/elisaflemer/package/build/spiral/prefix_override:/home/elisaflemer/package/install/spiral/lib/python3.10/site-packages:${PYTHONPATH} /usr/bin/python3 setup.py egg_info --egg-base ../../build/spiral build --build-base /home/elisaflemer/package/build/spiral/build install --record /home/elisaflemer/package/build/spiral/install.log --single-version-externally-managed
[4.797s] DEBUG:colcon.colcon_core.event_handler.log_command:Invoked command in '/home/elisaflemer/package/src/spiral' returned '0': PYTHONPATH=/home/elisaflemer/package/build/spiral/prefix_override:/home/elisaflemer/package/install/spiral/lib/python3.10/site-packages:${PYTHONPATH} /usr/bin/python3 setup.py egg_info --egg-base ../../build/spiral build --build-base /home/elisaflemer/package/build/spiral/build install --record /home/elisaflemer/package/build/spiral/install.log --single-version-externally-managed
[4.813s] Level 1:colcon.colcon_core.environment:checking '/home/elisaflemer/package/install/spiral' for CMake module files
[4.816s] Level 1:colcon.colcon_core.environment:checking '/home/elisaflemer/package/install/spiral' for CMake config files
[4.818s] Level 1:colcon.colcon_core.environment:checking '/home/elisaflemer/package/install/spiral/lib'
[4.819s] Level 1:colcon.colcon_core.environment:checking '/home/elisaflemer/package/install/spiral/bin'
[4.819s] Level 1:colcon.colcon_core.environment:checking '/home/elisaflemer/package/install/spiral/lib/pkgconfig/spiral.pc'
[4.820s] Level 1:colcon.colcon_core.environment:checking '/home/elisaflemer/package/install/spiral/lib/python3.10/site-packages'
[4.820s] Level 1:colcon.colcon_core.shell:create_environment_hook('spiral', 'pythonpath')
[4.825s] INFO:colcon.colcon_core.shell:Creating environment hook '/home/elisaflemer/package/install/spiral/share/spiral/hook/pythonpath.ps1'
[4.827s] INFO:colcon.colcon_core.shell:Creating environment descriptor '/home/elisaflemer/package/install/spiral/share/spiral/hook/pythonpath.dsv'
[4.829s] INFO:colcon.colcon_core.shell:Creating environment hook '/home/elisaflemer/package/install/spiral/share/spiral/hook/pythonpath.sh'
[4.832s] Level 1:colcon.colcon_core.environment:checking '/home/elisaflemer/package/install/spiral/bin'
[4.832s] Level 1:colcon.colcon_core.environment:create_environment_scripts_only(spiral)
[4.836s] INFO:colcon.colcon_core.shell:Creating package script '/home/elisaflemer/package/install/spiral/share/spiral/package.ps1'
[4.839s] INFO:colcon.colcon_core.shell:Creating package descriptor '/home/elisaflemer/package/install/spiral/share/spiral/package.dsv'
[4.841s] INFO:colcon.colcon_core.shell:Creating package script '/home/elisaflemer/package/install/spiral/share/spiral/package.sh'
[4.844s] INFO:colcon.colcon_core.shell:Creating package script '/home/elisaflemer/package/install/spiral/share/spiral/package.bash'
[4.847s] INFO:colcon.colcon_core.shell:Creating package script '/home/elisaflemer/package/install/spiral/share/spiral/package.zsh'
[4.852s] Level 1:colcon.colcon_core.environment:create_file_with_runtime_dependencies(/home/elisaflemer/package/install/spiral/share/colcon-core/packages/spiral)
[4.853s] DEBUG:colcon.colcon_parallel_executor.executor.parallel:closing loop
[4.855s] DEBUG:colcon.colcon_parallel_executor.executor.parallel:loop closed
[4.855s] DEBUG:colcon.colcon_parallel_executor.executor.parallel:run_until_complete finished with '0'
[4.855s] DEBUG:colcon.colcon_core.event_reactor:joining thread
[5.121s] INFO:colcon.colcon_core.plugin_system:Skipping extension 'colcon_notification.desktop_notification.notify_send': Could not find 'notify-send'
[5.122s] INFO:colcon.colcon_core.plugin_system:Skipping extension 'colcon_notification.desktop_notification.terminal_notifier': Not used on non-Darwin systems
[5.122s] INFO:colcon.colcon_core.plugin_system:Skipping extension 'colcon_notification.desktop_notification.win32': Not used on non-Windows systems
[5.122s] INFO:colcon.colcon_notification.desktop_notification:Sending desktop notification using 'notify2'
[5.138s] DEBUG:colcon.colcon_notification.desktop_notification.notify2:Failed to initialize notify2: org.freedesktop.DBus.Error.ServiceUnknown: The name org.freedesktop.Notifications was not provided by any .service files
[5.139s] DEBUG:colcon.colcon_core.event_reactor:joined thread
[5.146s] INFO:colcon.colcon_core.shell:Creating prefix script '/home/elisaflemer/package/install/local_setup.ps1'
[5.150s] INFO:colcon.colcon_core.shell:Creating prefix util module '/home/elisaflemer/package/install/_local_setup_util_ps1.py'
[5.154s] INFO:colcon.colcon_core.shell:Creating prefix chain script '/home/elisaflemer/package/install/setup.ps1'
[5.158s] INFO:colcon.colcon_core.shell:Creating prefix script '/home/elisaflemer/package/install/local_setup.sh'
[5.160s] INFO:colcon.colcon_core.shell:Creating prefix util module '/home/elisaflemer/package/install/_local_setup_util_sh.py'
[5.162s] INFO:colcon.colcon_core.shell:Creating prefix chain script '/home/elisaflemer/package/install/setup.sh'
[5.168s] INFO:colcon.colcon_core.shell:Creating prefix script '/home/elisaflemer/package/install/local_setup.bash'
[5.170s] INFO:colcon.colcon_core.shell:Creating prefix chain script '/home/elisaflemer/package/install/setup.bash'
[5.174s] INFO:colcon.colcon_core.shell:Creating prefix script '/home/elisaflemer/package/install/local_setup.zsh'
[5.176s] INFO:colcon.colcon_core.shell:Creating prefix chain script '/home/elisaflemer/package/install/setup.zsh'
