[1.987s] Invoking command in '/home/elisaflemer/package/src/spiral': PYTHONPATH=/home/elisaflemer/package/build/spiral/prefix_override:/home/elisaflemer/package/install/spiral/lib/python3.10/site-packages:${PYTHONPATH} /usr/bin/python3 setup.py egg_info --egg-base ../../build/spiral build --build-base /home/elisaflemer/package/build/spiral/build install --record /home/elisaflemer/package/build/spiral/install.log --single-version-externally-managed
[2.562s] running egg_info
[2.566s] creating ../../build/spiral/spiral.egg-info
[2.567s] writing ../../build/spiral/spiral.egg-info/PKG-INFO
[2.569s] writing dependency_links to ../../build/spiral/spiral.egg-info/dependency_links.txt
[2.569s] writing entry points to ../../build/spiral/spiral.egg-info/entry_points.txt
[2.571s] writing requirements to ../../build/spiral/spiral.egg-info/requires.txt
[2.571s] writing top-level names to ../../build/spiral/spiral.egg-info/top_level.txt
[2.571s] writing manifest file '../../build/spiral/spiral.egg-info/SOURCES.txt'
[2.577s] reading manifest file '../../build/spiral/spiral.egg-info/SOURCES.txt'
[2.577s] writing manifest file '../../build/spiral/spiral.egg-info/SOURCES.txt'
[2.577s] running build
[2.578s] running build_py
[2.578s] creating /home/elisaflemer/package/build/spiral/build
[2.578s] creating /home/elisaflemer/package/build/spiral/build/lib
[2.578s] creating /home/elisaflemer/package/build/spiral/build/lib/spiral
[2.579s] copying spiral/__init__.py -> /home/elisaflemer/package/build/spiral/build/lib/spiral
[2.579s] running install
[2.586s] /usr/lib/python3/dist-packages/setuptools/command/install.py:34: SetuptoolsDeprecationWarning: setup.py install is deprecated. Use build and pip and other standards-based tools.
[2.586s]   warnings.warn(
[2.586s] running install_lib
[2.587s] creating /home/elisaflemer/package/install/spiral/lib/python3.10/site-packages/spiral
[2.587s] copying /home/elisaflemer/package/build/spiral/build/lib/spiral/__init__.py -> /home/elisaflemer/package/install/spiral/lib/python3.10/site-packages/spiral
[2.588s] byte-compiling /home/elisaflemer/package/install/spiral/lib/python3.10/site-packages/spiral/__init__.py to __init__.cpython-310.pyc
[2.590s] running install_data
[2.590s] creating /home/elisaflemer/package/install/spiral/share/ament_index
[2.590s] creating /home/elisaflemer/package/install/spiral/share/ament_index/resource_index
[2.591s] creating /home/elisaflemer/package/install/spiral/share/ament_index/resource_index/packages
[2.591s] copying resource/spiral -> /home/elisaflemer/package/install/spiral/share/ament_index/resource_index/packages
[2.591s] copying package.xml -> /home/elisaflemer/package/install/spiral/share/spiral
[2.592s] running install_egg_info
[2.597s] Copying ../../build/spiral/spiral.egg-info to /home/elisaflemer/package/install/spiral/lib/python3.10/site-packages/spiral-0.0.0-py3.10.egg-info
[2.602s] running install_scripts
[2.662s] Installing draw_spiral script to /home/elisaflemer/package/install/spiral/lib/spiral
[2.664s] writing list of installed files to '/home/elisaflemer/package/build/spiral/install.log'
[2.776s] Invoked command in '/home/elisaflemer/package/src/spiral' returned '0': PYTHONPATH=/home/elisaflemer/package/build/spiral/prefix_override:/home/elisaflemer/package/install/spiral/lib/python3.10/site-packages:${PYTHONPATH} /usr/bin/python3 setup.py egg_info --egg-base ../../build/spiral build --build-base /home/elisaflemer/package/build/spiral/build install --record /home/elisaflemer/package/build/spiral/install.log --single-version-externally-managed
